<?xml version="1.0" encoding="UTF-8"?>
<!-- Generated by org.testng.reporters.JUnitReportReporter -->
<testsuite skipped="0" hostname="DESKTOP-IOER2BC" name="testCases.LoginPageTest" tests="2" failures="0" timestamp="13 Dec 2020 19:29:09 GMT" time="28.228" errors="0">
  <testcase name="loginTest" time="13.507" classname="testCases.LoginPageTest"/>
  <testcase name="loginpageTitleTest" time="14.721" classname="testCases.LoginPageTest"/>
</testsuite> <!-- testCases.LoginPageTest -->
